c:\users\karol\downloads\carlos_grafika-main\solar_system\solar_system\x64\debug\vc143.pdb
c:\users\karol\downloads\carlos_grafika-main\solar_system\solar_system\x64\debug\vc143.idb
c:\users\karol\downloads\carlos_grafika-main\solar_system\solar_system\x64\debug\texture.obj
c:\users\karol\downloads\carlos_grafika-main\solar_system\solar_system\x64\debug\sphere.obj
c:\users\karol\downloads\carlos_grafika-main\solar_system\solar_system\x64\debug\shaderprogram.obj
c:\users\karol\downloads\carlos_grafika-main\solar_system\solar_system\x64\debug\shader.obj
c:\users\karol\downloads\carlos_grafika-main\solar_system\solar_system\x64\debug\openglwindow.obj
c:\users\karol\downloads\carlos_grafika-main\solar_system\solar_system\x64\debug\main.obj
c:\users\karol\downloads\carlos_grafika-main\solar_system\solar_system\x64\debug\camera.obj
c:\users\karol\downloads\carlos_grafika-main\solar_system\x64\debug\solar_system.exe
c:\users\karol\downloads\carlos_grafika-main\solar_system\x64\debug\solar_system.pdb
c:\users\karol\downloads\carlos_grafika-main\solar_system\solar_system\x64\debug\solar_system.ilk
c:\users\karol\downloads\carlos_grafika-main\solar_system\solar_system\x64\debug\solar_system.tlog\cl.command.1.tlog
c:\users\karol\downloads\carlos_grafika-main\solar_system\solar_system\x64\debug\solar_system.tlog\cl.items.tlog
c:\users\karol\downloads\carlos_grafika-main\solar_system\solar_system\x64\debug\solar_system.tlog\cl.read.1.tlog
c:\users\karol\downloads\carlos_grafika-main\solar_system\solar_system\x64\debug\solar_system.tlog\cl.write.1.tlog
c:\users\karol\downloads\carlos_grafika-main\solar_system\solar_system\x64\debug\solar_system.tlog\link.command.1.tlog
c:\users\karol\downloads\carlos_grafika-main\solar_system\solar_system\x64\debug\solar_system.tlog\link.read.1.tlog
c:\users\karol\downloads\carlos_grafika-main\solar_system\solar_system\x64\debug\solar_system.tlog\link.secondary.1.tlog
c:\users\karol\downloads\carlos_grafika-main\solar_system\solar_system\x64\debug\solar_system.tlog\link.write.1.tlog
